2025-11-10 08:58:13 INFO  - 💡 Starting test with Username: standard_user | Expected: success
2025-11-10 08:58:13 INFO  -  Verifying successful login...
2025-11-10 08:58:13 INFO  -  Login successful as expected for user: standard_user
2025-11-10 08:58:16 INFO  - 💡 Starting test with Username: locked_out_user | Expected: failure
2025-11-10 08:58:17 INFO  -  Verifying login failure...
2025-11-10 08:58:17 INFO  -  Login failed as expected for user: locked_out_user
2025-11-10 08:58:20 INFO  - 💡 Starting test with Username: problem_user | Expected: success
2025-11-10 08:58:20 INFO  -  Verifying successful login...
2025-11-10 08:58:20 INFO  -  Login successful as expected for user: problem_user
2025-11-10 11:57:23 INFO  - 💡 Starting test with Username: standard_user | Expected: success
2025-11-10 11:57:24 INFO  -  Verifying successful login...
2025-11-10 11:57:24 INFO  -  Login successful as expected for user: standard_user
2025-11-10 11:57:29 INFO  - 💡 Starting test with Username: locked_out_user | Expected: failure
2025-11-10 11:57:30 INFO  -  Verifying login failure...
2025-11-10 11:57:30 INFO  -  Login failed as expected for user: locked_out_user
2025-11-10 11:57:34 INFO  - 💡 Starting test with Username: problem_user | Expected: success
2025-11-10 11:57:35 INFO  -  Verifying successful login...
2025-11-10 11:57:35 INFO  -  Login successful as expected for user: problem_user
2025-11-10 12:04:10 INFO  - 💡 Starting test with Username: standard_user | Expected: success
2025-11-10 12:04:10 INFO  -  Verifying successful login...
2025-11-10 12:04:10 INFO  -  Login successful as expected for user: standard_user
2025-11-10 12:04:14 INFO  - 💡 Starting test with Username: locked_out_user | Expected: failure
2025-11-10 12:04:14 INFO  -  Verifying login failure...
2025-11-10 12:04:14 INFO  -  Login failed as expected for user: locked_out_user
2025-11-10 12:04:18 INFO  - 💡 Starting test with Username: problem_user | Expected: success
2025-11-10 12:04:20 INFO  -  Verifying successful login...
2025-11-10 12:04:20 INFO  -  Login successful as expected for user: problem_user
2025-11-10 12:04:48 INFO  - 💡 Starting test with Username: standard_user | Expected: success
2025-11-10 12:04:48 INFO  -  Verifying successful login...
2025-11-10 12:04:48 INFO  -  Login successful as expected for user: standard_user
2025-11-10 12:04:50 INFO  - 💡 Starting test with Username: locked_out_user | Expected: failure
2025-11-10 12:04:50 INFO  -  Verifying login failure...
2025-11-10 12:04:50 INFO  -  Login failed as expected for user: locked_out_user
2025-11-10 12:04:52 INFO  - 💡 Starting test with Username: problem_user | Expected: success
2025-11-10 12:04:52 INFO  -  Verifying successful login...
2025-11-10 12:04:52 INFO  -  Login successful as expected for user: problem_user
2025-11-10 12:20:53 INFO  - 💡 Starting test with Username: standard_user | Expected: success
2025-11-10 12:20:53 INFO  -  Verifying successful login...
2025-11-10 12:20:53 INFO  -  Login successful as expected for user: standard_user
2025-11-10 12:20:55 INFO  - 💡 Starting test with Username: locked_out_user | Expected: failure
2025-11-10 12:20:55 INFO  -  Verifying login failure...
2025-11-10 12:20:55 INFO  -  Login failed as expected for user: locked_out_user
2025-11-10 12:20:58 INFO  - 💡 Starting test with Username: problem_user | Expected: success
2025-11-10 12:20:58 INFO  -  Verifying successful login...
2025-11-10 12:20:58 INFO  -  Login successful as expected for user: problem_user
2026-01-10 22:24:52 INFO  - 💡 Starting test with Username: standard_user | Expected: success
2026-01-10 22:24:52 INFO  -  Verifying successful login...
2026-01-10 22:24:52 INFO  -  Login successful as expected for user: standard_user
2026-01-10 22:24:55 INFO  - 💡 Starting test with Username: locked_out_user | Expected: failure
2026-01-10 22:24:55 INFO  -  Verifying login failure...
2026-01-10 22:24:55 INFO  -  Login failed as expected for user: locked_out_user
2026-01-10 22:24:59 INFO  - 💡 Starting test with Username: problem_user | Expected: success
2026-01-10 22:24:59 INFO  -  Verifying successful login...
2026-01-10 22:24:59 INFO  -  Login successful as expected for user: problem_user
2026-01-10 22:26:16 INFO  - 💡 Starting test with Username: standard_user | Expected: success
2026-01-10 22:26:16 INFO  -  Verifying successful login...
2026-01-10 22:26:16 INFO  -  Login successful as expected for user: standard_user
2026-01-10 22:26:23 INFO  - 💡 Starting test with Username: locked_out_user | Expected: failure
2026-01-10 22:26:24 INFO  -  Verifying login failure...
2026-01-10 22:26:24 INFO  -  Login failed as expected for user: locked_out_user
2026-01-10 22:27:00 INFO  - 💡 Starting test with Username: problem_user | Expected: success
2026-01-10 22:27:01 INFO  -  Verifying successful login...
2026-01-10 22:27:01 INFO  -  Login successful as expected for user: problem_user
2026-01-10 23:00:01 INFO  - 💡 Starting test with Username: standard_user | Expected: success
2026-01-10 23:00:02 INFO  -  Verifying successful login...
2026-01-10 23:00:02 INFO  -  Login successful as expected for user: standard_user
2026-01-10 23:00:05 INFO  - 💡 Starting test with Username: locked_out_user | Expected: failure
2026-01-10 23:00:05 INFO  -  Verifying login failure...
2026-01-10 23:00:05 INFO  -  Login failed as expected for user: locked_out_user
2026-01-10 23:00:13 INFO  - 💡 Starting test with Username: problem_user | Expected: success
2026-01-10 23:00:13 INFO  -  Verifying successful login...
2026-01-10 23:00:13 INFO  -  Login successful as expected for user: problem_user
2026-01-10 23:12:16 INFO  -  Starting test with Username: standard_user | Expected: success
2026-01-10 23:12:16 INFO  -  Verifying successful login...
2026-01-10 23:12:16 INFO  -  Login successful as expected for user: standard_user
2026-01-10 23:12:19 INFO  -  Starting test with Username: locked_out_user | Expected: failure
2026-01-10 23:12:19 INFO  -  Verifying login failure...
2026-01-10 23:12:19 INFO  -  Login failed as expected for user: locked_out_user
2026-01-10 23:12:21 INFO  -  Starting test with Username: problem_user | Expected: success
2026-01-10 23:12:21 INFO  -  Verifying successful login...
2026-01-10 23:12:21 INFO  -  Login successful as expected for user: problem_user
2026-01-11 00:01:57 INFO  -  Starting test with Username: standard_user | Expected: success
2026-01-11 00:01:57 INFO  -  Starting test with Username: locked_out_user | Expected: failure
2026-01-11 00:01:57 INFO  -  Starting test with Username: problem_user | Expected: success
2026-01-11 00:08:03 INFO  -  Starting test with Username: standard_user | Expected: success
2026-01-11 00:08:03 INFO  -  Verifying successful login...
2026-01-11 00:08:03 INFO  -  Login successful as expected for user: standard_user
2026-01-11 00:08:17 INFO  -  Starting test with Username: locked_out_user | Expected: failure
2026-01-11 00:08:17 INFO  -  Verifying login failure...
2026-01-11 00:08:17 INFO  -  Login failed as expected for user: locked_out_user
2026-01-11 00:08:20 INFO  -  Starting test with Username: problem_user | Expected: success
2026-01-11 00:08:20 INFO  -  Verifying successful login...
2026-01-11 00:08:20 INFO  -  Login successful as expected for user: problem_user
2026-01-11 00:13:31 INFO  - Starting test with Username: standard_user | Expected: success
2026-01-11 00:13:31 INFO  - Verifying successful login...
2026-01-11 00:13:31 INFO  - Login successful as expected for user: standard_user
2026-01-11 00:13:34 INFO  - Starting test with Username: locked_out_user | Expected: failure
2026-01-11 00:13:34 INFO  - Verifying login failure...
2026-01-11 00:13:34 INFO  - Login failed as expected for user: locked_out_user
2026-01-11 00:13:37 INFO  - Starting test with Username: problem_user | Expected: success
2026-01-11 00:13:37 INFO  - Verifying successful login...
2026-01-11 00:13:37 INFO  - Login successful as expected for user: problem_user
2026-01-11 00:15:07 INFO  - Starting test with Username: standard_user | Expected: success
2026-01-11 00:15:07 INFO  - Verifying successful login...
2026-01-11 00:15:07 INFO  - Login successful as expected for user: standard_user
2026-01-11 00:15:10 INFO  - Starting test with Username: locked_out_user | Expected: failure
2026-01-11 00:15:10 INFO  - Verifying login failure...
2026-01-11 00:15:10 INFO  - Login failed as expected for user: locked_out_user
2026-01-11 00:15:12 INFO  - Starting test with Username: problem_user | Expected: success
2026-01-11 00:15:13 INFO  - Verifying successful login...
2026-01-11 00:15:13 INFO  - Login successful as expected for user: problem_user
2026-01-11 00:16:05 INFO  - Starting test with Username: standard_user | Expected: success
2026-01-11 00:16:05 INFO  - Verifying successful login...
2026-01-11 00:16:05 INFO  - Login successful as expected for user: standard_user
2026-01-11 00:16:08 INFO  - Starting test with Username: locked_out_user | Expected: failure
2026-01-11 00:16:08 INFO  - Verifying login failure...
2026-01-11 00:16:08 INFO  - Login failed as expected for user: locked_out_user
2026-01-11 00:16:10 INFO  - Starting test with Username: problem_user | Expected: success
2026-01-11 00:16:11 INFO  - Verifying successful login...
2026-01-11 00:16:11 INFO  - Login successful as expected for user: problem_user
